2019-09-21 22:08:21.797  INFO 15512 --- [restartedMain] com.gxh.community.CommunityApplication   : Starting CommunityApplication on DESKTOP-14A32P0 with PID 15512 (E:\IdeaProjects\community\target\classes started by gxh in E:\IdeaProjects\community)
2019-09-21 22:08:21.800  INFO 15512 --- [restartedMain] com.gxh.community.CommunityApplication   : No active profile set, falling back to default profiles: default
2019-09-21 22:08:21.846  INFO 15512 --- [restartedMain] .e.DevToolsPropertyDefaultsPostProcessor : Devtools property defaults active! Set 'spring.devtools.add-properties' to 'false' to disable
2019-09-21 22:08:21.846  INFO 15512 --- [restartedMain] .e.DevToolsPropertyDefaultsPostProcessor : For additional web related logging consider setting the 'logging.level.web' property to 'DEBUG'
2019-09-21 22:08:23.675  INFO 15512 --- [restartedMain] o.s.b.w.embedded.tomcat.TomcatWebServer  : Tomcat initialized with port(s): 8080 (http)
2019-09-21 22:08:23.704  INFO 15512 --- [restartedMain] o.apache.catalina.core.StandardService   : Starting service [Tomcat]
2019-09-21 22:08:23.704  INFO 15512 --- [restartedMain] org.apache.catalina.core.StandardEngine  : Starting Servlet engine: [Apache Tomcat/9.0.21]
2019-09-21 22:08:23.834  INFO 15512 --- [restartedMain] o.a.c.c.C.[Tomcat].[localhost].[/]       : Initializing Spring embedded WebApplicationContext
2019-09-21 22:08:23.834  INFO 15512 --- [restartedMain] o.s.web.context.ContextLoader            : Root WebApplicationContext: initialization completed in 1986 ms
2019-09-21 22:08:24.503  INFO 15512 --- [restartedMain] o.s.s.concurrent.ThreadPoolTaskExecutor  : Initializing ExecutorService 'applicationTaskExecutor'
2019-09-21 22:08:24.680  INFO 15512 --- [restartedMain] o.s.b.a.w.s.WelcomePageHandlerMapping    : Adding welcome page template: index
2019-09-21 22:08:24.874  INFO 15512 --- [restartedMain] o.s.b.d.a.OptionalLiveReloadServer       : LiveReload server is running on port 35729
2019-09-21 22:08:24.956  INFO 15512 --- [restartedMain] o.s.b.w.embedded.tomcat.TomcatWebServer  : Tomcat started on port(s): 8080 (http) with context path ''
2019-09-21 22:08:24.959  INFO 15512 --- [restartedMain] com.gxh.community.CommunityApplication   : Started CommunityApplication in 3.506 seconds (JVM running for 5.051)
2019-09-21 22:10:04.019  INFO 15512 --- [Thread-11] o.s.s.concurrent.ThreadPoolTaskExecutor  : Shutting down ExecutorService 'applicationTaskExecutor'
2019-09-21 22:10:05.265  INFO 15512 --- [restartedMain] com.gxh.community.CommunityApplication   : Starting CommunityApplication on DESKTOP-14A32P0 with PID 15512 (E:\IdeaProjects\community\target\classes started by gxh in E:\IdeaProjects\community)
2019-09-21 22:10:05.266  INFO 15512 --- [restartedMain] com.gxh.community.CommunityApplication   : No active profile set, falling back to default profiles: default
2019-09-21 22:10:05.691  INFO 15512 --- [restartedMain] o.s.b.w.embedded.tomcat.TomcatWebServer  : Tomcat initialized with port(s): 8080 (http)
2019-09-21 22:10:05.692  INFO 15512 --- [restartedMain] o.apache.catalina.core.StandardService   : Starting service [Tomcat]
2019-09-21 22:10:05.692  INFO 15512 --- [restartedMain] org.apache.catalina.core.StandardEngine  : Starting Servlet engine: [Apache Tomcat/9.0.21]
2019-09-21 22:10:05.838  INFO 15512 --- [restartedMain] o.a.c.c.C.[Tomcat].[localhost].[/]       : Initializing Spring embedded WebApplicationContext
2019-09-21 22:10:05.840  INFO 15512 --- [restartedMain] o.s.web.context.ContextLoader            : Root WebApplicationContext: initialization completed in 571 ms
2019-09-21 22:10:06.221  INFO 15512 --- [restartedMain] o.s.s.concurrent.ThreadPoolTaskExecutor  : Initializing ExecutorService 'applicationTaskExecutor'
2019-09-21 22:10:06.271  INFO 15512 --- [restartedMain] o.s.b.a.w.s.WelcomePageHandlerMapping    : Adding welcome page template: index
2019-09-21 22:10:06.357  INFO 15512 --- [restartedMain] o.s.b.d.a.OptionalLiveReloadServer       : LiveReload server is running on port 35729
2019-09-21 22:10:06.376  INFO 15512 --- [restartedMain] o.s.b.w.embedded.tomcat.TomcatWebServer  : Tomcat started on port(s): 8080 (http) with context path ''
2019-09-21 22:10:06.376  INFO 15512 --- [restartedMain] com.gxh.community.CommunityApplication   : Started CommunityApplication in 1.174 seconds (JVM running for 106.469)
2019-09-21 22:10:06.380  INFO 15512 --- [restartedMain] .ConditionEvaluationDeltaLoggingListener : Condition evaluation unchanged
2019-09-21 22:18:43.127  INFO 15512 --- [Thread-19] o.s.s.concurrent.ThreadPoolTaskExecutor  : Shutting down ExecutorService 'applicationTaskExecutor'
2019-09-21 22:18:47.916  INFO 11356 --- [restartedMain] com.gxh.community.CommunityApplication   : Starting CommunityApplication on DESKTOP-14A32P0 with PID 11356 (E:\IdeaProjects\community\target\classes started by gxh in E:\IdeaProjects\community)
2019-09-21 22:18:47.918  INFO 11356 --- [restartedMain] com.gxh.community.CommunityApplication   : No active profile set, falling back to default profiles: default
2019-09-21 22:18:47.967  INFO 11356 --- [restartedMain] .e.DevToolsPropertyDefaultsPostProcessor : Devtools property defaults active! Set 'spring.devtools.add-properties' to 'false' to disable
2019-09-21 22:18:47.968  INFO 11356 --- [restartedMain] .e.DevToolsPropertyDefaultsPostProcessor : For additional web related logging consider setting the 'logging.level.web' property to 'DEBUG'
2019-09-21 22:18:49.957  INFO 11356 --- [restartedMain] o.s.b.w.embedded.tomcat.TomcatWebServer  : Tomcat initialized with port(s): 8080 (http)
2019-09-21 22:18:49.997  INFO 11356 --- [restartedMain] o.apache.catalina.core.StandardService   : Starting service [Tomcat]
2019-09-21 22:18:49.998  INFO 11356 --- [restartedMain] org.apache.catalina.core.StandardEngine  : Starting Servlet engine: [Apache Tomcat/9.0.21]
2019-09-21 22:18:50.199  INFO 11356 --- [restartedMain] o.a.c.c.C.[Tomcat].[localhost].[/]       : Initializing Spring embedded WebApplicationContext
2019-09-21 22:18:50.199  INFO 11356 --- [restartedMain] o.s.web.context.ContextLoader            : Root WebApplicationContext: initialization completed in 2231 ms
2019-09-21 22:18:50.953  INFO 11356 --- [restartedMain] o.s.s.concurrent.ThreadPoolTaskExecutor  : Initializing ExecutorService 'applicationTaskExecutor'
2019-09-21 22:18:51.097  INFO 11356 --- [restartedMain] o.s.b.a.w.s.WelcomePageHandlerMapping    : Adding welcome page template: index
2019-09-21 22:18:51.235  INFO 11356 --- [restartedMain] o.s.b.d.a.OptionalLiveReloadServer       : LiveReload server is running on port 35729
2019-09-21 22:18:51.282  INFO 11356 --- [restartedMain] o.s.b.w.embedded.tomcat.TomcatWebServer  : Tomcat started on port(s): 8080 (http) with context path ''
2019-09-21 22:18:51.285  INFO 11356 --- [restartedMain] com.gxh.community.CommunityApplication   : Started CommunityApplication in 3.742 seconds (JVM running for 5.347)
2019-09-21 22:18:58.874  INFO 11356 --- [http-nio-8080-exec-1] o.a.c.c.C.[Tomcat].[localhost].[/]       : Initializing Spring DispatcherServlet 'dispatcherServlet'
2019-09-21 22:18:58.874  INFO 11356 --- [http-nio-8080-exec-1] o.s.web.servlet.DispatcherServlet        : Initializing Servlet 'dispatcherServlet'
2019-09-21 22:18:58.881  INFO 11356 --- [http-nio-8080-exec-1] o.s.web.servlet.DispatcherServlet        : Completed initialization in 7 ms
2019-09-21 22:18:58.939  INFO 11356 --- [http-nio-8080-exec-1] com.zaxxer.hikari.HikariDataSource       : HikariPool-1 - Starting...
2019-09-21 22:18:59.074  INFO 11356 --- [http-nio-8080-exec-1] com.zaxxer.hikari.HikariDataSource       : HikariPool-1 - Start completed.
2019-09-21 22:18:59.081 DEBUG 11356 --- [http-nio-8080-exec-1] c.g.c.mapper.UserMapper.selectByExample  : ==>  Preparing: select id, account_id, name, token, gmt_create, gmt_modified, bio, avatar_url from user WHERE ( token = ? ) 
2019-09-21 22:18:59.107 DEBUG 11356 --- [http-nio-8080-exec-1] c.g.c.mapper.UserMapper.selectByExample  : ==> Parameters: 623be264-e569-4136-b863-bb764ee0b765(String)
2019-09-21 22:18:59.129 DEBUG 11356 --- [http-nio-8080-exec-1] c.g.c.mapper.UserMapper.selectByExample  : <==      Total: 1
2019-09-21 22:18:59.134 DEBUG 11356 --- [http-nio-8080-exec-1] c.g.c.m.N.countByExample                 : ==>  Preparing: select count(*) from notification WHERE ( receiver = ? and status = ? ) 
2019-09-21 22:18:59.135 DEBUG 11356 --- [http-nio-8080-exec-1] c.g.c.m.N.countByExample                 : ==> Parameters: 32(Long), 0(Integer)
2019-09-21 22:18:59.137 DEBUG 11356 --- [http-nio-8080-exec-1] c.g.c.m.N.countByExample                 : <==      Total: 1
2019-09-21 22:18:59.163 DEBUG 11356 --- [http-nio-8080-exec-1] c.g.c.m.QuestionExtMapper.countBySearch  : ==>  Preparing: select count(*) from question 
2019-09-21 22:18:59.163 DEBUG 11356 --- [http-nio-8080-exec-1] c.g.c.m.QuestionExtMapper.countBySearch  : ==> Parameters: 
2019-09-21 22:18:59.165 DEBUG 11356 --- [http-nio-8080-exec-1] c.g.c.m.QuestionExtMapper.countBySearch  : <==      Total: 1
2019-09-21 22:18:59.166 DEBUG 11356 --- [http-nio-8080-exec-1] c.g.c.m.Q.selectBySearch                 : ==>  Preparing: select * from question order by gmt_create desc limit ?,? 
2019-09-21 22:18:59.166 DEBUG 11356 --- [http-nio-8080-exec-1] c.g.c.m.Q.selectBySearch                 : ==> Parameters: 0(Integer), 5(Integer)
2019-09-21 22:18:59.170 DEBUG 11356 --- [http-nio-8080-exec-1] c.g.c.m.Q.selectBySearch                 : <==      Total: 5
2019-09-21 22:18:59.171 DEBUG 11356 --- [http-nio-8080-exec-1] c.g.c.m.UserMapper.selectByPrimaryKey    : ==>  Preparing: select id, account_id, name, token, gmt_create, gmt_modified, bio, avatar_url from user where id = ? 
2019-09-21 22:18:59.172 DEBUG 11356 --- [http-nio-8080-exec-1] c.g.c.m.UserMapper.selectByPrimaryKey    : ==> Parameters: 32(Long)
2019-09-21 22:18:59.173 DEBUG 11356 --- [http-nio-8080-exec-1] c.g.c.m.UserMapper.selectByPrimaryKey    : <==      Total: 1
2019-09-21 22:18:59.178 DEBUG 11356 --- [http-nio-8080-exec-1] c.g.c.m.UserMapper.selectByPrimaryKey    : ==>  Preparing: select id, account_id, name, token, gmt_create, gmt_modified, bio, avatar_url from user where id = ? 
2019-09-21 22:18:59.178 DEBUG 11356 --- [http-nio-8080-exec-1] c.g.c.m.UserMapper.selectByPrimaryKey    : ==> Parameters: 33(Long)
2019-09-21 22:18:59.180 DEBUG 11356 --- [http-nio-8080-exec-1] c.g.c.m.UserMapper.selectByPrimaryKey    : <==      Total: 1
2019-09-21 22:18:59.181 DEBUG 11356 --- [http-nio-8080-exec-1] c.g.c.m.UserMapper.selectByPrimaryKey    : ==>  Preparing: select id, account_id, name, token, gmt_create, gmt_modified, bio, avatar_url from user where id = ? 
2019-09-21 22:18:59.181 DEBUG 11356 --- [http-nio-8080-exec-1] c.g.c.m.UserMapper.selectByPrimaryKey    : ==> Parameters: 33(Long)
2019-09-21 22:18:59.182 DEBUG 11356 --- [http-nio-8080-exec-1] c.g.c.m.UserMapper.selectByPrimaryKey    : <==      Total: 1
2019-09-21 22:18:59.183 DEBUG 11356 --- [http-nio-8080-exec-1] c.g.c.m.UserMapper.selectByPrimaryKey    : ==>  Preparing: select id, account_id, name, token, gmt_create, gmt_modified, bio, avatar_url from user where id = ? 
2019-09-21 22:18:59.183 DEBUG 11356 --- [http-nio-8080-exec-1] c.g.c.m.UserMapper.selectByPrimaryKey    : ==> Parameters: 33(Long)
2019-09-21 22:18:59.184 DEBUG 11356 --- [http-nio-8080-exec-1] c.g.c.m.UserMapper.selectByPrimaryKey    : <==      Total: 1
2019-09-21 22:18:59.184 DEBUG 11356 --- [http-nio-8080-exec-1] c.g.c.m.UserMapper.selectByPrimaryKey    : ==>  Preparing: select id, account_id, name, token, gmt_create, gmt_modified, bio, avatar_url from user where id = ? 
2019-09-21 22:18:59.185 DEBUG 11356 --- [http-nio-8080-exec-1] c.g.c.m.UserMapper.selectByPrimaryKey    : ==> Parameters: 33(Long)
2019-09-21 22:18:59.186 DEBUG 11356 --- [http-nio-8080-exec-1] c.g.c.m.UserMapper.selectByPrimaryKey    : <==      Total: 1
2019-09-21 22:18:59.622 DEBUG 11356 --- [http-nio-8080-exec-6] c.g.c.mapper.UserMapper.selectByExample  : ==>  Preparing: select id, account_id, name, token, gmt_create, gmt_modified, bio, avatar_url from user WHERE ( token = ? ) 
2019-09-21 22:18:59.622 DEBUG 11356 --- [http-nio-8080-exec-2] c.g.c.mapper.UserMapper.selectByExample  : ==>  Preparing: select id, account_id, name, token, gmt_create, gmt_modified, bio, avatar_url from user WHERE ( token = ? ) 
2019-09-21 22:18:59.623 DEBUG 11356 --- [http-nio-8080-exec-5] c.g.c.mapper.UserMapper.selectByExample  : ==>  Preparing: select id, account_id, name, token, gmt_create, gmt_modified, bio, avatar_url from user WHERE ( token = ? ) 
2019-09-21 22:18:59.623 DEBUG 11356 --- [http-nio-8080-exec-2] c.g.c.mapper.UserMapper.selectByExample  : ==> Parameters: 623be264-e569-4136-b863-bb764ee0b765(String)
2019-09-21 22:18:59.623 DEBUG 11356 --- [http-nio-8080-exec-3] c.g.c.mapper.UserMapper.selectByExample  : ==>  Preparing: select id, account_id, name, token, gmt_create, gmt_modified, bio, avatar_url from user WHERE ( token = ? ) 
2019-09-21 22:18:59.622 DEBUG 11356 --- [http-nio-8080-exec-4] c.g.c.mapper.UserMapper.selectByExample  : ==>  Preparing: select id, account_id, name, token, gmt_create, gmt_modified, bio, avatar_url from user WHERE ( token = ? ) 
2019-09-21 22:18:59.623 DEBUG 11356 --- [http-nio-8080-exec-5] c.g.c.mapper.UserMapper.selectByExample  : ==> Parameters: 623be264-e569-4136-b863-bb764ee0b765(String)
2019-09-21 22:18:59.623 DEBUG 11356 --- [http-nio-8080-exec-6] c.g.c.mapper.UserMapper.selectByExample  : ==> Parameters: 623be264-e569-4136-b863-bb764ee0b765(String)
2019-09-21 22:18:59.624 DEBUG 11356 --- [http-nio-8080-exec-3] c.g.c.mapper.UserMapper.selectByExample  : ==> Parameters: 623be264-e569-4136-b863-bb764ee0b765(String)
2019-09-21 22:18:59.624 DEBUG 11356 --- [http-nio-8080-exec-4] c.g.c.mapper.UserMapper.selectByExample  : ==> Parameters: 623be264-e569-4136-b863-bb764ee0b765(String)
2019-09-21 22:18:59.625 DEBUG 11356 --- [http-nio-8080-exec-2] c.g.c.mapper.UserMapper.selectByExample  : <==      Total: 1
2019-09-21 22:18:59.627 DEBUG 11356 --- [http-nio-8080-exec-5] c.g.c.mapper.UserMapper.selectByExample  : <==      Total: 1
2019-09-21 22:18:59.628 DEBUG 11356 --- [http-nio-8080-exec-6] c.g.c.mapper.UserMapper.selectByExample  : <==      Total: 1
2019-09-21 22:18:59.629 DEBUG 11356 --- [http-nio-8080-exec-2] c.g.c.m.N.countByExample                 : ==>  Preparing: select count(*) from notification WHERE ( receiver = ? and status = ? ) 
2019-09-21 22:18:59.629 DEBUG 11356 --- [http-nio-8080-exec-2] c.g.c.m.N.countByExample                 : ==> Parameters: 32(Long), 0(Integer)
2019-09-21 22:18:59.629 DEBUG 11356 --- [http-nio-8080-exec-5] c.g.c.m.N.countByExample                 : ==>  Preparing: select count(*) from notification WHERE ( receiver = ? and status = ? ) 
2019-09-21 22:18:59.629 DEBUG 11356 --- [http-nio-8080-exec-6] c.g.c.m.N.countByExample                 : ==>  Preparing: select count(*) from notification WHERE ( receiver = ? and status = ? ) 
2019-09-21 22:18:59.630 DEBUG 11356 --- [http-nio-8080-exec-2] c.g.c.m.N.countByExample                 : <==      Total: 1
2019-09-21 22:18:59.630 DEBUG 11356 --- [http-nio-8080-exec-6] c.g.c.m.N.countByExample                 : ==> Parameters: 32(Long), 0(Integer)
2019-09-21 22:18:59.630 DEBUG 11356 --- [http-nio-8080-exec-4] c.g.c.mapper.UserMapper.selectByExample  : <==      Total: 1
2019-09-21 22:18:59.631 DEBUG 11356 --- [http-nio-8080-exec-6] c.g.c.m.N.countByExample                 : <==      Total: 1
2019-09-21 22:18:59.630 DEBUG 11356 --- [http-nio-8080-exec-5] c.g.c.m.N.countByExample                 : ==> Parameters: 32(Long), 0(Integer)
2019-09-21 22:18:59.632 DEBUG 11356 --- [http-nio-8080-exec-4] c.g.c.m.N.countByExample                 : ==>  Preparing: select count(*) from notification WHERE ( receiver = ? and status = ? ) 
2019-09-21 22:18:59.632 DEBUG 11356 --- [http-nio-8080-exec-4] c.g.c.m.N.countByExample                 : ==> Parameters: 32(Long), 0(Integer)
2019-09-21 22:18:59.634 DEBUG 11356 --- [http-nio-8080-exec-4] c.g.c.m.N.countByExample                 : <==      Total: 1
2019-09-21 22:18:59.635 DEBUG 11356 --- [http-nio-8080-exec-3] c.g.c.mapper.UserMapper.selectByExample  : <==      Total: 1
2019-09-21 22:18:59.636 DEBUG 11356 --- [http-nio-8080-exec-5] c.g.c.m.N.countByExample                 : <==      Total: 1
2019-09-21 22:18:59.639 DEBUG 11356 --- [http-nio-8080-exec-3] c.g.c.m.N.countByExample                 : ==>  Preparing: select count(*) from notification WHERE ( receiver = ? and status = ? ) 
2019-09-21 22:18:59.640 DEBUG 11356 --- [http-nio-8080-exec-3] c.g.c.m.N.countByExample                 : ==> Parameters: 32(Long), 0(Integer)
2019-09-21 22:18:59.641 DEBUG 11356 --- [http-nio-8080-exec-3] c.g.c.m.N.countByExample                 : <==      Total: 1
2019-09-21 22:18:59.671 DEBUG 11356 --- [http-nio-8080-exec-7] c.g.c.mapper.UserMapper.selectByExample  : ==>  Preparing: select id, account_id, name, token, gmt_create, gmt_modified, bio, avatar_url from user WHERE ( token = ? ) 
2019-09-21 22:18:59.672 DEBUG 11356 --- [http-nio-8080-exec-7] c.g.c.mapper.UserMapper.selectByExample  : ==> Parameters: 623be264-e569-4136-b863-bb764ee0b765(String)
2019-09-21 22:18:59.674 DEBUG 11356 --- [http-nio-8080-exec-7] c.g.c.mapper.UserMapper.selectByExample  : <==      Total: 1
2019-09-21 22:18:59.675 DEBUG 11356 --- [http-nio-8080-exec-7] c.g.c.m.N.countByExample                 : ==>  Preparing: select count(*) from notification WHERE ( receiver = ? and status = ? ) 
2019-09-21 22:18:59.675 DEBUG 11356 --- [http-nio-8080-exec-7] c.g.c.m.N.countByExample                 : ==> Parameters: 32(Long), 0(Integer)
2019-09-21 22:18:59.676 DEBUG 11356 --- [http-nio-8080-exec-7] c.g.c.m.N.countByExample                 : <==      Total: 1
2019-09-21 22:18:59.693 DEBUG 11356 --- [http-nio-8080-exec-8] c.g.c.mapper.UserMapper.selectByExample  : ==>  Preparing: select id, account_id, name, token, gmt_create, gmt_modified, bio, avatar_url from user WHERE ( token = ? ) 
2019-09-21 22:18:59.694 DEBUG 11356 --- [http-nio-8080-exec-8] c.g.c.mapper.UserMapper.selectByExample  : ==> Parameters: 623be264-e569-4136-b863-bb764ee0b765(String)
2019-09-21 22:18:59.695 DEBUG 11356 --- [http-nio-8080-exec-8] c.g.c.mapper.UserMapper.selectByExample  : <==      Total: 1
2019-09-21 22:18:59.696 DEBUG 11356 --- [http-nio-8080-exec-8] c.g.c.m.N.countByExample                 : ==>  Preparing: select count(*) from notification WHERE ( receiver = ? and status = ? ) 
2019-09-21 22:18:59.697 DEBUG 11356 --- [http-nio-8080-exec-8] c.g.c.m.N.countByExample                 : ==> Parameters: 32(Long), 0(Integer)
2019-09-21 22:18:59.697 DEBUG 11356 --- [http-nio-8080-exec-8] c.g.c.m.N.countByExample                 : <==      Total: 1
2019-09-21 22:20:06.241  INFO 11356 --- [Thread-10] o.s.s.concurrent.ThreadPoolTaskExecutor  : Shutting down ExecutorService 'applicationTaskExecutor'
2019-09-21 22:20:06.242  INFO 11356 --- [Thread-10] com.zaxxer.hikari.HikariDataSource       : HikariPool-1 - Shutdown initiated...
2019-09-21 22:20:06.248  INFO 11356 --- [Thread-10] com.zaxxer.hikari.HikariDataSource       : HikariPool-1 - Shutdown completed.
